[debug] [2022-03-07T00:49:28.218Z] ----------------------------------------------------------------------
[debug] [2022-03-07T00:49:28.220Z] Command:       C:\Program Files\nodejs\node.exe C:\Users\Ashkar Ali\AppData\Roaming\npm\node_modules\firebase-tools\lib\bin\firebase.js init
[debug] [2022-03-07T00:49:28.220Z] CLI Version:   10.2.2
[debug] [2022-03-07T00:49:28.221Z] Platform:      win32
[debug] [2022-03-07T00:49:28.221Z] Node Version:  v16.13.0
[debug] [2022-03-07T00:49:28.222Z] Time:          Mon Mar 07 2022 06:19:28 GMT+0530 (India Standard Time)
[debug] [2022-03-07T00:49:28.222Z] ----------------------------------------------------------------------
[debug] 
[debug] [2022-03-07T00:49:28.231Z] > command requires scopes: ["email","openid","https://www.googleapis.com/auth/cloudplatformprojects.readonly","https://www.googleapis.com/auth/firebase","https://www.googleapis.com/auth/cloud-platform"]
[debug] [2022-03-07T00:49:28.231Z] > authorizing via signed-in user (ashkarali.assain@gmail.com)
[info] 
     ######## #### ########  ######## ########     ###     ######  ########
     ##        ##  ##     ## ##       ##     ##  ##   ##  ##       ##
     ######    ##  ########  ######   ########  #########  ######  ######
     ##        ##  ##    ##  ##       ##     ## ##     ##       ## ##
     ##       #### ##     ## ######## ########  ##     ##  ######  ########

You're about to initialize a Firebase project in this directory:

  C:\Users\Ashkar Ali\Charity-app\charity-app

[debug] [2022-03-07T01:17:42.187Z] Error: kill ENOSYS
    at process.kill (node:internal/process/per_thread:215:13)
    at process.listener (C:\Users\Ashkar Ali\AppData\Roaming\npm\node_modules\firebase-tools\node_modules\signal-exit\index.js:95:15)
    at process.emit (node:events:390:28)
[error] 
[error] Error: An unexpected error has occurred.
